[ 2026-02-21 23:19:24,522 ] 1025 httpx - INFO - HTTP Request: GET https://dagshub.com/api/v1/user "HTTP/1.1 200 OK"
[ 2026-02-21 23:19:24,553 ] 107 dagshub - INFO - Accessing as SUBHRANILGHOSH07
[ 2026-02-21 23:19:25,593 ] 1025 httpx - INFO - HTTP Request: GET https://dagshub.com/api/v1/repos/SUBHRANILGHOSH07/networksecurity "HTTP/1.1 200 OK"
[ 2026-02-21 23:19:26,593 ] 1025 httpx - INFO - HTTP Request: GET https://dagshub.com/api/v1/user "HTTP/1.1 200 OK"
[ 2026-02-21 23:19:26,605 ] 107 dagshub - INFO - Initialized MLflow to track repo "SUBHRANILGHOSH07/networksecurity"
[ 2026-02-21 23:19:26,608 ] 107 dagshub - INFO - Repository SUBHRANILGHOSH07/networksecurity initialized!
[ 2026-02-21 23:19:26,611 ] 19 root - INFO - Initiate the data ingestion
[ 2026-02-21 23:19:30,483 ] 63 root - INFO - Performed train test split on the dataframe
[ 2026-02-21 23:19:30,483 ] 65 root - INFO - Exited split_data_as_train_test method of Data_Ingestion class
[ 2026-02-21 23:19:30,485 ] 73 root - INFO - Exporting train and test file path.
[ 2026-02-21 23:19:30,743 ] 82 root - INFO - Exported train and test file path.
[ 2026-02-21 23:19:30,745 ] 21 root - INFO - Data Ingestion Completed.
[ 2026-02-21 23:19:30,788 ] 25 root - INFO - Initiate the data validation
[ 2026-02-21 23:19:31,017 ] 33 root - INFO - Required number of columns:2
[ 2026-02-21 23:19:31,018 ] 34 root - INFO - Dataframe has columns:31
[ 2026-02-21 23:19:31,018 ] 33 root - INFO - Required number of columns:2
[ 2026-02-21 23:19:31,019 ] 34 root - INFO - Dataframe has columns:31
[ 2026-02-21 23:19:31,720 ] 27 root - INFO - Data Validation Completed
[ 2026-02-21 23:19:31,723 ] 30 root - INFO - Data Transformation started
[ 2026-02-21 23:19:31,724 ] 51 root - INFO - Entered inititiate_data_transformation method of DataTransformation class
[ 2026-02-21 23:19:31,724 ] 53 root - INFO - Starting data transformation
[ 2026-02-21 23:19:31,828 ] 37 root - INFO - Entered get_data_transformer_object method of Transformation class
[ 2026-02-21 23:19:31,829 ] 42 root - INFO - Initialise KNN Imputer with {'missing_values': nan, 'n_neighbors': 3, 'weights': 'uniform'}
[ 2026-02-21 23:19:31,882 ] 45 root - INFO - Entered the save_object method of MainUtils class
[ 2026-02-21 23:19:31,891 ] 49 root - INFO - Exited the save_object method of MainUtils class
[ 2026-02-21 23:19:31,891 ] 45 root - INFO - Entered the save_object method of MainUtils class
[ 2026-02-21 23:19:31,899 ] 49 root - INFO - Exited the save_object method of MainUtils class
[ 2026-02-21 23:19:31,903 ] 34 root - INFO - Data Transformation Completed
[ 2026-02-21 23:19:31,903 ] 36 root - INFO - Model Training stared
[ 2026-02-21 23:36:52,699 ] 45 root - INFO - Entered the save_object method of MainUtils class
[ 2026-02-21 23:36:52,870 ] 49 root - INFO - Exited the save_object method of MainUtils class
[ 2026-02-21 23:36:52,870 ] 45 root - INFO - Entered the save_object method of MainUtils class
[ 2026-02-21 23:36:53,026 ] 49 root - INFO - Exited the save_object method of MainUtils class
[ 2026-02-21 23:36:53,042 ] 117 root - INFO - Model trainer artifact:ModelTrainerArtifact(trained_model_file_path='Artifacts\\02_21_2026_23_19_01\\model_trainer\\trained_model\\model.pkl', train_metric_artifact=ClassificationMetricArtifact(f1_score=0.9916462917685411, precision_score=0.9908387622149837, recall_score=0.9924551386623165), test_metric_artifact=ClassificationMetricArtifact(f1_score=0.9756875249103228, precision_score=0.9745222929936306, recall_score=0.9768555466879489))
[ 2026-02-21 23:36:53,054 ] 41 root - INFO - Model Training artifact created
